<?xml version="1.0" encoding="UTF-8"?>
<!-- Generated by org.testng.reporters.JUnitReportReporter -->
<testsuite hostname="LAPTOP-32EB00DR" failures="0" tests="1" name="runner.CucumberTestNGRunner" time="16.116" errors="0" timestamp="2022-09-08T02:50:55 SGT" skipped="0">
  <testcase classname="runner.CucumberTestNGRunner" name="runScenario" time="16.116"/>
  <system-out/>
</testsuite> <!-- runner.CucumberTestNGRunner -->
