<?xml version="1.0" encoding="UTF-8"?>
<!-- Generated by org.testng.reporters.JUnitReportReporter -->
<testsuite hostname="LAPTOP-32EB00DR" failures="0" tests="1" name="classes.VueDriver" time="50.384" errors="0" timestamp="2022-09-08T01:49:10 SGT" skipped="0">
  <testcase classname="classes.VueDriver" name="test" time="50.384"/>
  <system-out/>
</testsuite> <!-- classes.VueDriver -->
