<?xml version="1.0" encoding="UTF-8"?>
<!-- Generated by org.testng.reporters.JUnitReportReporter -->
<testsuite hostname="LAPTOP-32EB00DR" failures="0" tests="1" name="runner.CucumberTestNGRunner" time="11.070" errors="0" timestamp="2022-09-08T02:35:39 SGT" skipped="0">
  <testcase classname="runner.CucumberTestNGRunner" name="runScenario" time="11.070"/>
  <system-out/>
</testsuite> <!-- runner.CucumberTestNGRunner -->
